<?xml version="1.0" encoding="UTF-8"?>
<coverage generated="1778064420514" clover="3.2.0">
  <project timestamp="1778064420514" name="All files">
    <metrics statements="88" coveredstatements="83" conditionals="55" coveredconditionals="41" methods="39" coveredmethods="36" elements="182" coveredelements="160" complexity="0" loc="88" ncloc="88" packages="10" files="18" classes="18"/>
    <package name="__tests__.utils">
      <metrics statements="4" coveredstatements="4" conditionals="0" coveredconditionals="0" methods="2" coveredmethods="2"/>
      <file name="test-utils.tsx" path="/Users/arthurrios/Desktop/Rocket/aulas-revisadas/react-native/cryptoalert/__tests__/utils/test-utils.tsx">
        <metrics statements="4" coveredstatements="4" conditionals="0" coveredconditionals="0" methods="2" coveredmethods="2"/>
        <line num="5" count="1" type="stmt"/>
        <line num="8" count="4" type="stmt"/>
        <line num="17" count="1" type="stmt"/>
        <line num="18" count="4" type="stmt"/>
      </file>
    </package>
    <package name="src.components.CryptoCard">
      <metrics statements="4" coveredstatements="4" conditionals="17" coveredconditionals="14" methods="2" coveredmethods="2"/>
      <file name="CryptoCard.styles.ts" path="/Users/arthurrios/Desktop/Rocket/aulas-revisadas/react-native/cryptoalert/src/components/CryptoCard/CryptoCard.styles.ts">
        <metrics statements="1" coveredstatements="1" conditionals="0" coveredconditionals="0" methods="0" coveredmethods="0"/>
        <line num="4" count="1" type="stmt"/>
      </file>
      <file name="CryptoCard.tsx" path="/Users/arthurrios/Desktop/Rocket/aulas-revisadas/react-native/cryptoalert/src/components/CryptoCard/CryptoCard.tsx">
        <metrics statements="3" coveredstatements="3" conditionals="17" coveredconditionals="14" methods="2" coveredmethods="2"/>
        <line num="13" count="7" type="stmt"/>
        <line num="15" count="7" type="stmt"/>
        <line num="74" count="2" type="stmt"/>
      </file>
    </package>
    <package name="src.components.EmptyState">
      <metrics statements="5" coveredstatements="5" conditionals="4" coveredconditionals="3" methods="2" coveredmethods="2"/>
      <file name="EmptyState.styles.ts" path="/Users/arthurrios/Desktop/Rocket/aulas-revisadas/react-native/cryptoalert/src/components/EmptyState/EmptyState.styles.ts">
        <metrics statements="1" coveredstatements="1" conditionals="0" coveredconditionals="0" methods="0" coveredmethods="0"/>
        <line num="4" count="2" type="stmt"/>
      </file>
      <file name="EmptyState.tsx" path="/Users/arthurrios/Desktop/Rocket/aulas-revisadas/react-native/cryptoalert/src/components/EmptyState/EmptyState.tsx">
        <metrics statements="2" coveredstatements="2" conditionals="4" coveredconditionals="3" methods="1" coveredmethods="1"/>
        <line num="14" count="5" type="stmt"/>
        <line num="16" count="5" type="stmt"/>
      </file>
      <file name="useEmptyState.ts" path="/Users/arthurrios/Desktop/Rocket/aulas-revisadas/react-native/cryptoalert/src/components/EmptyState/useEmptyState.ts">
        <metrics statements="2" coveredstatements="2" conditionals="0" coveredconditionals="0" methods="1" coveredmethods="1"/>
        <line num="4" count="5" type="stmt"/>
        <line num="5" count="5" type="stmt"/>
      </file>
    </package>
    <package name="src.components.LoadingState">
      <metrics statements="4" coveredstatements="4" conditionals="2" coveredconditionals="1" methods="2" coveredmethods="2"/>
      <file name="LoadingState.styles.ts" path="/Users/arthurrios/Desktop/Rocket/aulas-revisadas/react-native/cryptoalert/src/components/LoadingState/LoadingState.styles.ts">
        <metrics statements="1" coveredstatements="1" conditionals="0" coveredconditionals="0" methods="0" coveredmethods="0"/>
        <line num="4" count="1" type="stmt"/>
      </file>
      <file name="LoadingState.tsx" path="/Users/arthurrios/Desktop/Rocket/aulas-revisadas/react-native/cryptoalert/src/components/LoadingState/LoadingState.tsx">
        <metrics statements="2" coveredstatements="2" conditionals="0" coveredconditionals="0" methods="1" coveredmethods="1"/>
        <line num="11" count="1" type="stmt"/>
        <line num="13" count="1" type="stmt"/>
      </file>
      <file name="useLoadingState.ts" path="/Users/arthurrios/Desktop/Rocket/aulas-revisadas/react-native/cryptoalert/src/components/LoadingState/useLoadingState.ts">
        <metrics statements="1" coveredstatements="1" conditionals="2" coveredconditionals="1" methods="1" coveredmethods="1"/>
        <line num="6" count="1" type="cond" truecount="1" falsecount="1"/>
      </file>
    </package>
    <package name="src.components.SelectField">
      <metrics statements="16" coveredstatements="16" conditionals="13" coveredconditionals="10" methods="10" coveredmethods="9"/>
      <file name="SelectField.styles.ts" path="/Users/arthurrios/Desktop/Rocket/aulas-revisadas/react-native/cryptoalert/src/components/SelectField/SelectField.styles.ts">
        <metrics statements="1" coveredstatements="1" conditionals="0" coveredconditionals="0" methods="0" coveredmethods="0"/>
        <line num="4" count="1" type="stmt"/>
      </file>
      <file name="SelectField.tsx" path="/Users/arthurrios/Desktop/Rocket/aulas-revisadas/react-native/cryptoalert/src/components/SelectField/SelectField.tsx">
        <metrics statements="5" coveredstatements="5" conditionals="9" coveredconditionals="7" methods="4" coveredmethods="4"/>
        <line num="30" count="13" type="stmt"/>
        <line num="34" count="13" type="stmt"/>
        <line num="75" count="12" type="stmt"/>
        <line num="78" count="9" type="stmt"/>
        <line num="79" count="2" type="stmt"/>
      </file>
      <file name="useSelectField.ts" path="/Users/arthurrios/Desktop/Rocket/aulas-revisadas/react-native/cryptoalert/src/components/SelectField/useSelectField.ts">
        <metrics statements="10" coveredstatements="10" conditionals="4" coveredconditionals="3" methods="6" coveredmethods="5"/>
        <line num="16" count="13" type="stmt"/>
        <line num="18" count="13" type="stmt"/>
        <line num="19" count="13" type="stmt"/>
        <line num="21" count="13" type="stmt"/>
        <line num="22" count="10" type="stmt"/>
        <line num="26" count="13" type="cond" truecount="2" falsecount="0"/>
        <line num="32" count="13" type="stmt"/>
        <line num="34" count="2" type="stmt"/>
        <line num="35" count="2" type="stmt"/>
        <line num="40" count="13" type="stmt"/>
      </file>
    </package>
    <package name="src.context.AlertProvider">
      <metrics statements="31" coveredstatements="30" conditionals="10" coveredconditionals="8" methods="15" coveredmethods="14"/>
      <file name="AlertProvider.tsx" path="/Users/arthurrios/Desktop/Rocket/aulas-revisadas/react-native/cryptoalert/src/context/AlertProvider/AlertProvider.tsx">
        <metrics statements="2" coveredstatements="2" conditionals="0" coveredconditionals="0" methods="1" coveredmethods="1"/>
        <line num="9" count="22" type="stmt"/>
        <line num="10" count="22" type="stmt"/>
      </file>
      <file name="useAlertProvider.ts" path="/Users/arthurrios/Desktop/Rocket/aulas-revisadas/react-native/cryptoalert/src/context/AlertProvider/useAlertProvider.ts">
        <metrics statements="29" coveredstatements="28" conditionals="10" coveredconditionals="8" methods="14" coveredmethods="13"/>
        <line num="11" count="3" type="stmt"/>
        <line num="28" count="3" type="stmt"/>
        <line num="33" count="7" type="stmt"/>
        <line num="37" count="34" type="stmt"/>
        <line num="38" count="34" type="stmt"/>
        <line num="40" count="34" type="stmt"/>
        <line num="41" count="12" type="stmt"/>
        <line num="42" count="12" type="stmt"/>
        <line num="43" count="12" type="stmt"/>
        <line num="44" count="12" type="stmt"/>
        <line num="45" count="12" type="cond" truecount="4" falsecount="0"/>
        <line num="46" count="7" type="stmt"/>
        <line num="49" count="12" type="cond" truecount="1" falsecount="1"/>
        <line num="52" count="12" type="stmt"/>
        <line num="53" count="12" type="stmt"/>
        <line num="57" count="34" type="stmt"/>
        <line num="58" count="34" type="cond" truecount="2" falsecount="0"/>
        <line num="59" count="20" type="stmt"/>
        <line num="62" count="34" type="stmt"/>
        <line num="63" count="7" type="stmt"/>
        <line num="68" count="7" type="stmt"/>
        <line num="71" count="34" type="stmt"/>
        <line num="72" count="3" type="stmt"/>
        <line num="75" count="34" type="stmt"/>
        <line num="76" count="29" type="stmt"/>
        <line num="82" count="16" type="stmt"/>
        <line num="83" count="16" type="cond" truecount="1" falsecount="1"/>
        <line num="84" count="0" type="stmt"/>
        <line num="86" count="16" type="stmt"/>
      </file>
    </package>
    <package name="src.data">
      <metrics statements="14" coveredstatements="12" conditionals="6" coveredconditionals="4" methods="3" coveredmethods="3"/>
      <file name="cryptoData.ts" path="/Users/arthurrios/Desktop/Rocket/aulas-revisadas/react-native/cryptoalert/src/data/cryptoData.ts">
        <metrics statements="14" coveredstatements="12" conditionals="6" coveredconditionals="4" methods="3" coveredmethods="3"/>
        <line num="11" count="2" type="stmt"/>
        <line num="78" count="2" type="stmt"/>
        <line num="86" count="2" type="stmt"/>
        <line num="89" count="1" type="stmt"/>
        <line num="92" count="1" type="cond" truecount="1" falsecount="1"/>
        <line num="93" count="1" type="stmt"/>
        <line num="96" count="0" type="stmt"/>
        <line num="102" count="1" type="stmt"/>
        <line num="110" count="1" type="stmt"/>
        <line num="115" count="1" type="stmt"/>
        <line num="120" count="1" type="cond" truecount="1" falsecount="1"/>
        <line num="121" count="0" type="stmt"/>
        <line num="124" count="1" type="stmt"/>
        <line num="133" count="8" type="stmt"/>
      </file>
    </package>
    <package name="src.services">
      <metrics statements="2" coveredstatements="2" conditionals="0" coveredconditionals="0" methods="1" coveredmethods="1"/>
      <file name="fetchCryptocurrenciesFromApi.ts" path="/Users/arthurrios/Desktop/Rocket/aulas-revisadas/react-native/cryptoalert/src/services/fetchCryptocurrenciesFromApi.ts">
        <metrics statements="2" coveredstatements="2" conditionals="0" coveredconditionals="0" methods="1" coveredmethods="1"/>
        <line num="4" count="1" type="stmt"/>
        <line num="12" count="1" type="stmt"/>
      </file>
    </package>
    <package name="src.theme">
      <metrics statements="5" coveredstatements="5" conditionals="0" coveredconditionals="0" methods="0" coveredmethods="0"/>
      <file name="colors.ts" path="/Users/arthurrios/Desktop/Rocket/aulas-revisadas/react-native/cryptoalert/src/theme/colors.ts">
        <metrics statements="5" coveredstatements="5" conditionals="0" coveredconditionals="0" methods="0" coveredmethods="0"/>
        <line num="4" count="4" type="stmt"/>
        <line num="56" count="4" type="stmt"/>
        <line num="57" count="4" type="stmt"/>
        <line num="58" count="4" type="stmt"/>
        <line num="60" count="4" type="stmt"/>
      </file>
    </package>
    <package name="src.utils">
      <metrics statements="3" coveredstatements="1" conditionals="3" coveredconditionals="1" methods="2" coveredmethods="1"/>
      <file name="index.ts" path="/Users/arthurrios/Desktop/Rocket/aulas-revisadas/react-native/cryptoalert/src/utils/index.ts">
        <metrics statements="3" coveredstatements="1" conditionals="3" coveredconditionals="1" methods="2" coveredmethods="1"/>
        <line num="2" count="4" type="stmt"/>
        <line num="9" count="0" type="cond" truecount="0" falsecount="2"/>
        <line num="10" count="0" type="stmt"/>
      </file>
    </package>
  </project>
</coverage>
