{"/Users/arthurrios/Desktop/Rocket/aulas-revisadas/react-native/cryptoalert/__tests__/utils/test-utils.tsx": {"path":"/Users/arthurrios/Desktop/Rocket/aulas-revisadas/react-native/cryptoalert/__tests__/utils/test-utils.tsx","statementMap":{"0":{"start":{"line":5,"column":0},"end":{"line":5,"column":43}},"1":{"start":{"line":8,"column":2},"end":{"line":14,"column":3}},"2":{"start":{"line":17,"column":25},"end":{"line":21,"column":1}},"3":{"start":{"line":18,"column":2},"end":{"line":20,"column":5}}},"fnMap":{"0":{"name":"Providers","decl":{"start":{"line":7,"column":9},"end":{"line":7,"column":18}},"loc":{"start":{"line":7,"column":64},"end":{"line":15,"column":1}},"line":7},"1":{"name":"(anonymous_1)","decl":{"start":{"line":17,"column":25},"end":{"line":17,"column":26}},"loc":{"start":{"line":17,"column":48},"end":{"line":21,"column":1}},"line":17}},"branchMap":{},"s":{"0":1,"1":4,"2":1,"3":4},"f":{"0":4,"1":4},"b":{},"_coverageSchema":"1a1c01bbd47fc00a2c39e90264f33305004495a9","hash":"d48a5ece8148667f4810d81473b94bd935dded17"}
,"/Users/arthurrios/Desktop/Rocket/aulas-revisadas/react-native/cryptoalert/src/components/CryptoCard/CryptoCard.styles.ts": {"path":"/Users/arthurrios/Desktop/Rocket/aulas-revisadas/react-native/cryptoalert/src/components/CryptoCard/CryptoCard.styles.ts","statementMap":{"0":{"start":{"line":4,"column":32},"end":{"line":115,"column":2}}},"fnMap":{},"branchMap":{},"s":{"0":1},"f":{},"b":{},"_coverageSchema":"1a1c01bbd47fc00a2c39e90264f33305004495a9","hash":"e9c72e609bf58879f577719d8ad4ca1705dc1916"}
,"/Users/arthurrios/Desktop/Rocket/aulas-revisadas/react-native/cryptoalert/src/components/CryptoCard/CryptoCard.tsx": {"path":"/Users/arthurrios/Desktop/Rocket/aulas-revisadas/react-native/cryptoalert/src/components/CryptoCard/CryptoCard.tsx","statementMap":{"0":{"start":{"line":13,"column":4},"end":{"line":13,"column":25}},"1":{"start":{"line":15,"column":2},"end":{"line":86,"column":4}},"2":{"start":{"line":74,"column":12},"end":{"line":81,"column":19}}},"fnMap":{"0":{"name":"CryptoCard","decl":{"start":{"line":11,"column":16},"end":{"line":11,"column":26}},"loc":{"start":{"line":11,"column":56},"end":{"line":87,"column":1}},"line":11},"1":{"name":"(anonymous_1)","decl":{"start":{"line":73,"column":31},"end":{"line":73,"column":32}},"loc":{"start":{"line":74,"column":12},"end":{"line":81,"column":19}},"line":74}},"branchMap":{"0":{"loc":{"start":{"line":20,"column":13},"end":{"line":20,"column":106}},"type":"binary-expr","locations":[{"start":{"line":20,"column":13},"end":{"line":20,"column":25}},{"start":{"line":20,"column":29},"end":{"line":20,"column":106}}],"line":20},"1":{"loc":{"start":{"line":21,"column":13},"end":{"line":23,"column":19}},"type":"binary-expr","locations":[{"start":{"line":21,"column":13},"end":{"line":21,"column":26}},{"start":{"line":21,"column":30},"end":{"line":23,"column":19}}],"line":21},"2":{"loc":{"start":{"line":28,"column":13},"end":{"line":53,"column":13}},"type":"binary-expr","locations":[{"start":{"line":28,"column":13},"end":{"line":28,"column":21}},{"start":{"line":29,"column":14},"end":{"line":52,"column":26}}],"line":28},"3":{"loc":{"start":{"line":37,"column":21},"end":{"line":39,"column":58}},"type":"cond-expr","locations":[{"start":{"line":38,"column":24},"end":{"line":38,"column":33}},{"start":{"line":39,"column":24},"end":{"line":39,"column":58}}],"line":37},"4":{"loc":{"start":{"line":44,"column":22},"end":{"line":46,"column":55}},"type":"cond-expr","locations":[{"start":{"line":45,"column":26},"end":{"line":45,"column":63}},{"start":{"line":46,"column":26},"end":{"line":46,"column":55}}],"line":44},"5":{"loc":{"start":{"line":62,"column":14},"end":{"line":64,"column":49}},"type":"cond-expr","locations":[{"start":{"line":63,"column":18},"end":{"line":63,"column":49}},{"start":{"line":64,"column":18},"end":{"line":64,"column":49}}],"line":62},"6":{"loc":{"start":{"line":71,"column":7},"end":{"line":84,"column":7}},"type":"binary-expr","locations":[{"start":{"line":71,"column":7},"end":{"line":71,"column":15}},{"start":{"line":71,"column":19},"end":{"line":71,"column":27}},{"start":{"line":72,"column":8},"end":{"line":83,"column":15}}],"line":71},"7":{"loc":{"start":{"line":76,"column":17},"end":{"line":76,"column":64}},"type":"cond-expr","locations":[{"start":{"line":76,"column":47},"end":{"line":76,"column":54}},{"start":{"line":76,"column":57},"end":{"line":76,"column":64}}],"line":76}},"s":{"0":7,"1":7,"2":2},"f":{"0":7,"1":2},"b":{"0":[7,6],"1":[7,1],"2":[7,7],"3":[7,0],"4":[2,5],"5":[7,0],"6":[7,7,2],"7":[2,0]},"_coverageSchema":"1a1c01bbd47fc00a2c39e90264f33305004495a9","hash":"e47e712db8741623038e588bc80bc9072ada28be"}
,"/Users/arthurrios/Desktop/Rocket/aulas-revisadas/react-native/cryptoalert/src/components/EmptyState/EmptyState.styles.ts": {"path":"/Users/arthurrios/Desktop/Rocket/aulas-revisadas/react-native/cryptoalert/src/components/EmptyState/EmptyState.styles.ts","statementMap":{"0":{"start":{"line":4,"column":32},"end":{"line":38,"column":2}}},"fnMap":{},"branchMap":{},"s":{"0":2},"f":{},"b":{},"_coverageSchema":"1a1c01bbd47fc00a2c39e90264f33305004495a9","hash":"c7fa94575ed4edcd49ea40205538a35c91fb4d70"}
,"/Users/arthurrios/Desktop/Rocket/aulas-revisadas/react-native/cryptoalert/src/components/EmptyState/EmptyState.tsx": {"path":"/Users/arthurrios/Desktop/Rocket/aulas-revisadas/react-native/cryptoalert/src/components/EmptyState/EmptyState.tsx","statementMap":{"0":{"start":{"line":14,"column":22},"end":{"line":14,"column":37}},"1":{"start":{"line":16,"column":2},"end":{"line":30,"column":4}}},"fnMap":{"0":{"name":"EmptyState","decl":{"start":{"line":13,"column":16},"end":{"line":13,"column":26}},"loc":{"start":{"line":13,"column":82},"end":{"line":31,"column":1}},"line":13}},"branchMap":{"0":{"loc":{"start":{"line":25,"column":7},"end":{"line":27,"column":14}},"type":"cond-expr","locations":[{"start":{"line":26,"column":8},"end":{"line":26,"column":71}},{"start":{"line":27,"column":10},"end":{"line":27,"column":14}}],"line":25},"1":{"loc":{"start":{"line":28,"column":7},"end":{"line":28,"column":106}},"type":"cond-expr","locations":[{"start":{"line":28,"column":16},"end":{"line":28,"column":99}},{"start":{"line":28,"column":102},"end":{"line":28,"column":106}}],"line":28}},"s":{"0":5,"1":5},"f":{"0":5},"b":{"0":[5,0],"1":[1,4]},"_coverageSchema":"1a1c01bbd47fc00a2c39e90264f33305004495a9","hash":"6148bad6c402b637ecd67d4d400b4c44e7bd9dc0"}
,"/Users/arthurrios/Desktop/Rocket/aulas-revisadas/react-native/cryptoalert/src/components/EmptyState/useEmptyState.ts": {"path":"/Users/arthurrios/Desktop/Rocket/aulas-revisadas/react-native/cryptoalert/src/components/EmptyState/useEmptyState.ts","statementMap":{"0":{"start":{"line":4,"column":18},"end":{"line":4,"column":25}},"1":{"start":{"line":5,"column":2},"end":{"line":5,"column":21}}},"fnMap":{"0":{"name":"useEmptyState","decl":{"start":{"line":3,"column":16},"end":{"line":3,"column":29}},"loc":{"start":{"line":3,"column":32},"end":{"line":6,"column":1}},"line":3}},"branchMap":{},"s":{"0":5,"1":5},"f":{"0":5},"b":{},"_coverageSchema":"1a1c01bbd47fc00a2c39e90264f33305004495a9","hash":"b81491df0032aefcbb25b647e74cb0d8e1e99f4a"}
,"/Users/arthurrios/Desktop/Rocket/aulas-revisadas/react-native/cryptoalert/src/components/LoadingState/LoadingState.styles.ts": {"path":"/Users/arthurrios/Desktop/Rocket/aulas-revisadas/react-native/cryptoalert/src/components/LoadingState/LoadingState.styles.ts","statementMap":{"0":{"start":{"line":4,"column":34},"end":{"line":16,"column":2}}},"fnMap":{},"branchMap":{},"s":{"0":1},"f":{},"b":{},"_coverageSchema":"1a1c01bbd47fc00a2c39e90264f33305004495a9","hash":"f5ae73d7b934f9d169e42adba9d9419967b54aa5"}
,"/Users/arthurrios/Desktop/Rocket/aulas-revisadas/react-native/cryptoalert/src/components/LoadingState/LoadingState.tsx": {"path":"/Users/arthurrios/Desktop/Rocket/aulas-revisadas/react-native/cryptoalert/src/components/LoadingState/LoadingState.tsx","statementMap":{"0":{"start":{"line":11,"column":29},"end":{"line":11,"column":57}},"1":{"start":{"line":13,"column":2},"end":{"line":18,"column":4}}},"fnMap":{"0":{"name":"LoadingState","decl":{"start":{"line":10,"column":16},"end":{"line":10,"column":28}},"loc":{"start":{"line":10,"column":61},"end":{"line":19,"column":1}},"line":10}},"branchMap":{},"s":{"0":1,"1":1},"f":{"0":1},"b":{},"_coverageSchema":"1a1c01bbd47fc00a2c39e90264f33305004495a9","hash":"eb3b75036730e027460ea227daa330c225ae06c6"}
,"/Users/arthurrios/Desktop/Rocket/aulas-revisadas/react-native/cryptoalert/src/components/LoadingState/useLoadingState.ts": {"path":"/Users/arthurrios/Desktop/Rocket/aulas-revisadas/react-native/cryptoalert/src/components/LoadingState/useLoadingState.ts","statementMap":{"0":{"start":{"line":6,"column":2},"end":{"line":6,"column":53}}},"fnMap":{"0":{"name":"useLoadingState","decl":{"start":{"line":5,"column":16},"end":{"line":5,"column":31}},"loc":{"start":{"line":5,"column":67},"end":{"line":7,"column":1}},"line":5}},"branchMap":{"0":{"loc":{"start":{"line":6,"column":27},"end":{"line":6,"column":50}},"type":"binary-expr","locations":[{"start":{"line":6,"column":27},"end":{"line":6,"column":34}},{"start":{"line":6,"column":38},"end":{"line":6,"column":50}}],"line":6}},"s":{"0":1},"f":{"0":1},"b":{"0":[1,0]},"_coverageSchema":"1a1c01bbd47fc00a2c39e90264f33305004495a9","hash":"3f97a69a142a717b4a22b9986ed147e890798bf7"}
,"/Users/arthurrios/Desktop/Rocket/aulas-revisadas/react-native/cryptoalert/src/components/SelectField/SelectField.styles.ts": {"path":"/Users/arthurrios/Desktop/Rocket/aulas-revisadas/react-native/cryptoalert/src/components/SelectField/SelectField.styles.ts","statementMap":{"0":{"start":{"line":4,"column":33},"end":{"line":74,"column":2}}},"fnMap":{},"branchMap":{},"s":{"0":1},"f":{},"b":{},"_coverageSchema":"1a1c01bbd47fc00a2c39e90264f33305004495a9","hash":"43d84f85ddabc398b72bb545012a72be33088f2f"}
,"/Users/arthurrios/Desktop/Rocket/aulas-revisadas/react-native/cryptoalert/src/components/SelectField/SelectField.tsx": {"path":"/Users/arthurrios/Desktop/Rocket/aulas-revisadas/react-native/cryptoalert/src/components/SelectField/SelectField.tsx","statementMap":{"0":{"start":{"line":30,"column":66},"end":{"line":32,"column":3}},"1":{"start":{"line":34,"column":2},"end":{"line":100,"column":4}},"2":{"start":{"line":75,"column":36},"end":{"line":75,"column":46}},"3":{"start":{"line":78,"column":14},"end":{"line":93,"column":26}},"4":{"start":{"line":79,"column":31},"end":{"line":79,"column":53}}},"fnMap":{"0":{"name":"SelectField","decl":{"start":{"line":23,"column":16},"end":{"line":23,"column":27}},"loc":{"start":{"line":29,"column":21},"end":{"line":101,"column":1}},"line":29},"1":{"name":"(anonymous_1)","decl":{"start":{"line":75,"column":26},"end":{"line":75,"column":27}},"loc":{"start":{"line":75,"column":36},"end":{"line":75,"column":46}},"line":75},"2":{"name":"(anonymous_2)","decl":{"start":{"line":77,"column":24},"end":{"line":77,"column":25}},"loc":{"start":{"line":78,"column":14},"end":{"line":93,"column":26}},"line":78},"3":{"name":"(anonymous_3)","decl":{"start":{"line":79,"column":25},"end":{"line":79,"column":26}},"loc":{"start":{"line":79,"column":31},"end":{"line":79,"column":53}},"line":79}},"branchMap":{"0":{"loc":{"start":{"line":25,"column":2},"end":{"line":25,"column":24}},"type":"default-arg","locations":[{"start":{"line":25,"column":16},"end":{"line":25,"column":24}}],"line":25},"1":{"loc":{"start":{"line":46,"column":14},"end":{"line":46,"column":68}},"type":"cond-expr","locations":[{"start":{"line":46,"column":23},"end":{"line":46,"column":61}},{"start":{"line":46,"column":64},"end":{"line":46,"column":68}}],"line":46},"2":{"loc":{"start":{"line":50,"column":13},"end":{"line":50,"column":47}},"type":"cond-expr","locations":[{"start":{"line":50,"column":21},"end":{"line":50,"column":33}},{"start":{"line":50,"column":36},"end":{"line":50,"column":47}}],"line":50},"3":{"loc":{"start":{"line":82,"column":18},"end":{"line":84,"column":26}},"type":"cond-expr","locations":[{"start":{"line":83,"column":22},"end":{"line":83,"column":57}},{"start":{"line":84,"column":22},"end":{"line":84,"column":26}}],"line":82},"4":{"loc":{"start":{"line":88,"column":17},"end":{"line":92,"column":24}},"type":"cond-expr","locations":[{"start":{"line":89,"column":18},"end":{"line":91,"column":25}},{"start":{"line":92,"column":20},"end":{"line":92,"column":24}}],"line":88}},"s":{"0":13,"1":13,"2":12,"3":9,"4":2},"f":{"0":13,"1":12,"2":9,"3":2},"b":{"0":[13],"1":[12,1],"2":[1,12],"3":[0,9],"4":[0,9]},"_coverageSchema":"1a1c01bbd47fc00a2c39e90264f33305004495a9","hash":"3aee1d0ed0055960dfc51ec5606dca7a092b7670"}
,"/Users/arthurrios/Desktop/Rocket/aulas-revisadas/react-native/cryptoalert/src/components/SelectField/useSelectField.ts": {"path":"/Users/arthurrios/Desktop/Rocket/aulas-revisadas/react-native/cryptoalert/src/components/SelectField/useSelectField.ts","statementMap":{"0":{"start":{"line":16,"column":42},"end":{"line":16,"column":57}},"1":{"start":{"line":18,"column":15},"end":{"line":18,"column":59}},"2":{"start":{"line":18,"column":33},"end":{"line":18,"column":54}},"3":{"start":{"line":19,"column":16},"end":{"line":19,"column":61}},"4":{"start":{"line":19,"column":34},"end":{"line":19,"column":56}},"5":{"start":{"line":21,"column":19},"end":{"line":24,"column":3}},"6":{"start":{"line":22,"column":10},"end":{"line":22,"column":48}},"7":{"start":{"line":22,"column":30},"end":{"line":22,"column":47}},"8":{"start":{"line":26,"column":23},"end":{"line":30,"column":8}},"9":{"start":{"line":32,"column":21},"end":{"line":38,"column":3}},"10":{"start":{"line":34,"column":6},"end":{"line":34,"column":18}},"11":{"start":{"line":35,"column":6},"end":{"line":35,"column":29}},"12":{"start":{"line":40,"column":2},"end":{"line":47,"column":4}}},"fnMap":{"0":{"name":"useSelectField","decl":{"start":{"line":15,"column":16},"end":{"line":15,"column":30}},"loc":{"start":{"line":15,"column":82},"end":{"line":48,"column":1}},"line":15},"1":{"name":"(anonymous_1)","decl":{"start":{"line":18,"column":27},"end":{"line":18,"column":28}},"loc":{"start":{"line":18,"column":33},"end":{"line":18,"column":54}},"line":18},"2":{"name":"(anonymous_2)","decl":{"start":{"line":19,"column":28},"end":{"line":19,"column":29}},"loc":{"start":{"line":19,"column":34},"end":{"line":19,"column":56}},"line":19},"3":{"name":"(anonymous_3)","decl":{"start":{"line":22,"column":4},"end":{"line":22,"column":5}},"loc":{"start":{"line":22,"column":10},"end":{"line":22,"column":48}},"line":22},"4":{"name":"(anonymous_4)","decl":{"start":{"line":22,"column":23},"end":{"line":22,"column":24}},"loc":{"start":{"line":22,"column":30},"end":{"line":22,"column":47}},"line":22},"5":{"name":"(anonymous_5)","decl":{"start":{"line":33,"column":4},"end":{"line":33,"column":5}},"loc":{"start":{"line":33,"column":19},"end":{"line":36,"column":5}},"line":33}},"branchMap":{"0":{"loc":{"start":{"line":26,"column":23},"end":{"line":30,"column":8}},"type":"cond-expr","locations":[{"start":{"line":27,"column":6},"end":{"line":29,"column":22}},{"start":{"line":30,"column":6},"end":{"line":30,"column":8}}],"line":26},"1":{"loc":{"start":{"line":27,"column":6},"end":{"line":29,"column":22}},"type":"cond-expr","locations":[{"start":{"line":28,"column":8},"end":{"line":28,"column":50}},{"start":{"line":29,"column":8},"end":{"line":29,"column":22}}],"line":27}},"s":{"0":13,"1":13,"2":5,"3":13,"4":0,"5":13,"6":6,"7":10,"8":13,"9":13,"10":2,"11":2,"12":13},"f":{"0":13,"1":5,"2":0,"3":6,"4":10,"5":2},"b":{"0":[1,12],"1":[0,1]},"_coverageSchema":"1a1c01bbd47fc00a2c39e90264f33305004495a9","hash":"3ed78d4e3d4f50d55c3400fa8fc12714813dba77"}
,"/Users/arthurrios/Desktop/Rocket/aulas-revisadas/react-native/cryptoalert/src/context/AlertProvider/AlertProvider.tsx": {"path":"/Users/arthurrios/Desktop/Rocket/aulas-revisadas/react-native/cryptoalert/src/context/AlertProvider/AlertProvider.tsx","statementMap":{"0":{"start":{"line":9,"column":16},"end":{"line":9,"column":39}},"1":{"start":{"line":10,"column":2},"end":{"line":12,"column":4}}},"fnMap":{"0":{"name":"AlertProvider","decl":{"start":{"line":8,"column":16},"end":{"line":8,"column":29}},"loc":{"start":{"line":8,"column":64},"end":{"line":13,"column":1}},"line":8}},"branchMap":{},"s":{"0":22,"1":22},"f":{"0":22},"b":{},"_coverageSchema":"1a1c01bbd47fc00a2c39e90264f33305004495a9","hash":"d3b3ef2acb40ccb7245600f5866ea64cb06a833a"}
,"/Users/arthurrios/Desktop/Rocket/aulas-revisadas/react-native/cryptoalert/src/context/AlertProvider/useAlertProvider.ts": {"path":"/Users/arthurrios/Desktop/Rocket/aulas-revisadas/react-native/cryptoalert/src/context/AlertProvider/useAlertProvider.ts","statementMap":{"0":{"start":{"line":11,"column":20},"end":{"line":11,"column":34}},"1":{"start":{"line":28,"column":28},"end":{"line":30,"column":1}},"2":{"start":{"line":33,"column":2},"end":{"line":33,"column":68}},"3":{"start":{"line":37,"column":30},"end":{"line":37,"column":56}},"4":{"start":{"line":38,"column":34},"end":{"line":38,"column":49}},"5":{"start":{"line":40,"column":2},"end":{"line":55,"column":9}},"6":{"start":{"line":41,"column":20},"end":{"line":41,"column":25}},"7":{"start":{"line":42,"column":4},"end":{"line":51,"column":9}},"8":{"start":{"line":43,"column":6},"end":{"line":50,"column":7}},"9":{"start":{"line":44,"column":23},"end":{"line":44,"column":62}},"10":{"start":{"line":45,"column":8},"end":{"line":47,"column":9}},"11":{"start":{"line":46,"column":10},"end":{"line":46,"column":56}},"12":{"start":{"line":49,"column":8},"end":{"line":49,"column":42}},"13":{"start":{"line":49,"column":24},"end":{"line":49,"column":42}},"14":{"start":{"line":52,"column":4},"end":{"line":54,"column":6}},"15":{"start":{"line":53,"column":6},"end":{"line":53,"column":23}},"16":{"start":{"line":57,"column":2},"end":{"line":60,"column":25}},"17":{"start":{"line":58,"column":4},"end":{"line":58,"column":26}},"18":{"start":{"line":58,"column":19},"end":{"line":58,"column":26}},"19":{"start":{"line":59,"column":4},"end":{"line":59,"column":78}},"20":{"start":{"line":62,"column":19},"end":{"line":69,"column":8}},"21":{"start":{"line":63,"column":33},"end":{"line":67,"column":5}},"22":{"start":{"line":68,"column":4},"end":{"line":68,"column":45}},"23":{"start":{"line":68,"column":24},"end":{"line":68,"column":43}},"24":{"start":{"line":71,"column":22},"end":{"line":73,"column":8}},"25":{"start":{"line":72,"column":4},"end":{"line":72,"column":57}},"26":{"start":{"line":72,"column":24},"end":{"line":72,"column":55}},"27":{"start":{"line":72,"column":43},"end":{"line":72,"column":54}},"28":{"start":{"line":75,"column":2},"end":{"line":78,"column":4}},"29":{"start":{"line":76,"column":11},"end":{"line":76,"column":44}},"30":{"start":{"line":82,"column":14},"end":{"line":82,"column":38}},"31":{"start":{"line":83,"column":2},"end":{"line":85,"column":3}},"32":{"start":{"line":84,"column":4},"end":{"line":84,"column":67}},"33":{"start":{"line":86,"column":2},"end":{"line":86,"column":13}}},"fnMap":{"0":{"name":"generateId","decl":{"start":{"line":32,"column":9},"end":{"line":32,"column":19}},"loc":{"start":{"line":32,"column":30},"end":{"line":34,"column":1}},"line":32},"1":{"name":"useAlertProviderState","decl":{"start":{"line":36,"column":16},"end":{"line":36,"column":37}},"loc":{"start":{"line":36,"column":40},"end":{"line":79,"column":1}},"line":36},"2":{"name":"(anonymous_2)","decl":{"start":{"line":40,"column":12},"end":{"line":40,"column":13}},"loc":{"start":{"line":40,"column":18},"end":{"line":55,"column":3}},"line":40},"3":{"name":"(anonymous_3)","decl":{"start":{"line":42,"column":5},"end":{"line":42,"column":6}},"loc":{"start":{"line":42,"column":17},"end":{"line":51,"column":5}},"line":42},"4":{"name":"(anonymous_4)","decl":{"start":{"line":52,"column":11},"end":{"line":52,"column":12}},"loc":{"start":{"line":52,"column":17},"end":{"line":54,"column":5}},"line":52},"5":{"name":"(anonymous_5)","decl":{"start":{"line":57,"column":12},"end":{"line":57,"column":13}},"loc":{"start":{"line":57,"column":18},"end":{"line":60,"column":3}},"line":57},"6":{"name":"(anonymous_6)","decl":{"start":{"line":59,"column":68},"end":{"line":59,"column":69}},"loc":{"start":{"line":59,"column":74},"end":{"line":59,"column":76}},"line":59},"7":{"name":"(anonymous_7)","decl":{"start":{"line":62,"column":31},"end":{"line":62,"column":32}},"loc":{"start":{"line":62,"column":80},"end":{"line":69,"column":3}},"line":62},"8":{"name":"(anonymous_8)","decl":{"start":{"line":68,"column":14},"end":{"line":68,"column":15}},"loc":{"start":{"line":68,"column":24},"end":{"line":68,"column":43}},"line":68},"9":{"name":"(anonymous_9)","decl":{"start":{"line":71,"column":34},"end":{"line":71,"column":35}},"loc":{"start":{"line":71,"column":50},"end":{"line":73,"column":3}},"line":71},"10":{"name":"(anonymous_10)","decl":{"start":{"line":72,"column":14},"end":{"line":72,"column":15}},"loc":{"start":{"line":72,"column":24},"end":{"line":72,"column":55}},"line":72},"11":{"name":"(anonymous_11)","decl":{"start":{"line":72,"column":36},"end":{"line":72,"column":37}},"loc":{"start":{"line":72,"column":43},"end":{"line":72,"column":54}},"line":72},"12":{"name":"(anonymous_12)","decl":{"start":{"line":76,"column":4},"end":{"line":76,"column":5}},"loc":{"start":{"line":76,"column":11},"end":{"line":76,"column":44}},"line":76},"13":{"name":"useAlerts","decl":{"start":{"line":81,"column":16},"end":{"line":81,"column":25}},"loc":{"start":{"line":81,"column":47},"end":{"line":87,"column":1}},"line":81}},"branchMap":{"0":{"loc":{"start":{"line":45,"column":8},"end":{"line":47,"column":9}},"type":"if","locations":[{"start":{"line":45,"column":8},"end":{"line":47,"column":9}},{"start":{},"end":{}}],"line":45},"1":{"loc":{"start":{"line":45,"column":12},"end":{"line":45,"column":32}},"type":"binary-expr","locations":[{"start":{"line":45,"column":12},"end":{"line":45,"column":22}},{"start":{"line":45,"column":26},"end":{"line":45,"column":32}}],"line":45},"2":{"loc":{"start":{"line":49,"column":8},"end":{"line":49,"column":42}},"type":"if","locations":[{"start":{"line":49,"column":8},"end":{"line":49,"column":42}},{"start":{},"end":{}}],"line":49},"3":{"loc":{"start":{"line":58,"column":4},"end":{"line":58,"column":26}},"type":"if","locations":[{"start":{"line":58,"column":4},"end":{"line":58,"column":26}},{"start":{},"end":{}}],"line":58},"4":{"loc":{"start":{"line":83,"column":2},"end":{"line":85,"column":3}},"type":"if","locations":[{"start":{"line":83,"column":2},"end":{"line":85,"column":3}},{"start":{},"end":{}}],"line":83}},"s":{"0":3,"1":3,"2":7,"3":34,"4":34,"5":34,"6":12,"7":12,"8":12,"9":12,"10":12,"11":7,"12":12,"13":12,"14":12,"15":12,"16":34,"17":34,"18":14,"19":20,"20":34,"21":7,"22":7,"23":7,"24":34,"25":3,"26":3,"27":2,"28":34,"29":29,"30":16,"31":16,"32":0,"33":16},"f":{"0":7,"1":34,"2":12,"3":12,"4":12,"5":34,"6":0,"7":7,"8":7,"9":3,"10":3,"11":2,"12":29,"13":16},"b":{"0":[7,5],"1":[12,12],"2":[12,0],"3":[14,20],"4":[0,16]},"_coverageSchema":"1a1c01bbd47fc00a2c39e90264f33305004495a9","hash":"ff138184575dfeb03c239d3010987f24f0b3f46b"}
,"/Users/arthurrios/Desktop/Rocket/aulas-revisadas/react-native/cryptoalert/src/data/cryptoData.ts": {"path":"/Users/arthurrios/Desktop/Rocket/aulas-revisadas/react-native/cryptoalert/src/data/cryptoData.ts","statementMap":{"0":{"start":{"line":11,"column":50},"end":{"line":76,"column":1}},"1":{"start":{"line":78,"column":30},"end":{"line":84,"column":1}},"2":{"start":{"line":86,"column":27},"end":{"line":86,"column":61}},"3":{"start":{"line":89,"column":17},"end":{"line":89,"column":58}},"4":{"start":{"line":92,"column":2},"end":{"line":94,"column":3}},"5":{"start":{"line":93,"column":4},"end":{"line":93,"column":40}},"6":{"start":{"line":96,"column":2},"end":{"line":98,"column":30}},"7":{"start":{"line":102,"column":23},"end":{"line":108,"column":4}},"8":{"start":{"line":110,"column":31},"end":{"line":113,"column":3}},"9":{"start":{"line":115,"column":19},"end":{"line":118,"column":3}},"10":{"start":{"line":120,"column":2},"end":{"line":122,"column":3}},"11":{"start":{"line":121,"column":4},"end":{"line":121,"column":76}},"12":{"start":{"line":124,"column":15},"end":{"line":131,"column":4}},"13":{"start":{"line":133,"column":2},"end":{"line":140,"column":6}},"14":{"start":{"line":133,"column":29},"end":{"line":140,"column":3}}},"fnMap":{"0":{"name":"getCoinGeckoHeaders","decl":{"start":{"line":88,"column":9},"end":{"line":88,"column":28}},"loc":{"start":{"line":88,"column":31},"end":{"line":99,"column":1}},"line":88},"1":{"name":"fetchCryptocurrenciesFromApi","decl":{"start":{"line":101,"column":22},"end":{"line":101,"column":50}},"loc":{"start":{"line":101,"column":80},"end":{"line":141,"column":1}},"line":101},"2":{"name":"(anonymous_2)","decl":{"start":{"line":133,"column":18},"end":{"line":133,"column":19}},"loc":{"start":{"line":133,"column":29},"end":{"line":140,"column":3}},"line":133}},"branchMap":{"0":{"loc":{"start":{"line":92,"column":2},"end":{"line":94,"column":3}},"type":"if","locations":[{"start":{"line":92,"column":2},"end":{"line":94,"column":3}},{"start":{},"end":{}}],"line":92},"1":{"loc":{"start":{"line":120,"column":2},"end":{"line":122,"column":3}},"type":"if","locations":[{"start":{"line":120,"column":2},"end":{"line":122,"column":3}},{"start":{},"end":{}}],"line":120},"2":{"loc":{"start":{"line":138,"column":15},"end":{"line":138,"column":52}},"type":"binary-expr","locations":[{"start":{"line":138,"column":15},"end":{"line":138,"column":47}},{"start":{"line":138,"column":51},"end":{"line":138,"column":52}}],"line":138}},"s":{"0":2,"1":2,"2":2,"3":1,"4":1,"5":1,"6":0,"7":1,"8":1,"9":1,"10":1,"11":0,"12":1,"13":1,"14":8},"f":{"0":1,"1":1,"2":8},"b":{"0":[1,0],"1":[0,1],"2":[8,8]},"_coverageSchema":"1a1c01bbd47fc00a2c39e90264f33305004495a9","hash":"005cdbdcfff2f8397b5c63fe7d2f00375f3084ca"}
,"/Users/arthurrios/Desktop/Rocket/aulas-revisadas/react-native/cryptoalert/src/services/fetchCryptocurrenciesFromApi.ts": {"path":"/Users/arthurrios/Desktop/Rocket/aulas-revisadas/react-native/cryptoalert/src/services/fetchCryptocurrenciesFromApi.ts","statementMap":{"0":{"start":{"line":4,"column":19},"end":{"line":11,"column":4}},"1":{"start":{"line":12,"column":2},"end":{"line":12,"column":23}}},"fnMap":{"0":{"name":"fetchCryptocurrenciesFromApi","decl":{"start":{"line":3,"column":22},"end":{"line":3,"column":50}},"loc":{"start":{"line":3,"column":53},"end":{"line":13,"column":1}},"line":3}},"branchMap":{},"s":{"0":1,"1":1},"f":{"0":1},"b":{},"_coverageSchema":"1a1c01bbd47fc00a2c39e90264f33305004495a9","hash":"5c0fba5e3ef39aaa9be006dd418d5625000a592b"}
,"/Users/arthurrios/Desktop/Rocket/aulas-revisadas/react-native/cryptoalert/src/theme/colors.ts": {"path":"/Users/arthurrios/Desktop/Rocket/aulas-revisadas/react-native/cryptoalert/src/theme/colors.ts","statementMap":{"0":{"start":{"line":4,"column":23},"end":{"line":53,"column":10}},"1":{"start":{"line":56,"column":21},"end":{"line":56,"column":42}},"2":{"start":{"line":57,"column":28},"end":{"line":57,"column":54}},"3":{"start":{"line":58,"column":27},"end":{"line":58,"column":52}},"4":{"start":{"line":60,"column":22},"end":{"line":85,"column":10}}},"fnMap":{},"branchMap":{},"s":{"0":4,"1":4,"2":4,"3":4,"4":4},"f":{},"b":{},"_coverageSchema":"1a1c01bbd47fc00a2c39e90264f33305004495a9","hash":"ebef07c77dfad37c7ec1a0fc8e2ce43364e1c183"}
,"/Users/arthurrios/Desktop/Rocket/aulas-revisadas/react-native/cryptoalert/src/utils/index.ts": {"path":"/Users/arthurrios/Desktop/Rocket/aulas-revisadas/react-native/cryptoalert/src/utils/index.ts","statementMap":{"0":{"start":{"line":2,"column":4},"end":{"line":5,"column":7}},"1":{"start":{"line":9,"column":17},"end":{"line":9,"column":39}},"2":{"start":{"line":10,"column":4},"end":{"line":10,"column":42}}},"fnMap":{"0":{"name":"formatPrice","decl":{"start":{"line":1,"column":16},"end":{"line":1,"column":27}},"loc":{"start":{"line":1,"column":73},"end":{"line":6,"column":3}},"line":1},"1":{"name":"formatChange","decl":{"start":{"line":8,"column":18},"end":{"line":8,"column":30}},"loc":{"start":{"line":8,"column":55},"end":{"line":11,"column":3}},"line":8}},"branchMap":{"0":{"loc":{"start":{"line":1,"column":43},"end":{"line":1,"column":63}},"type":"default-arg","locations":[{"start":{"line":1,"column":62},"end":{"line":1,"column":63}}],"line":1},"1":{"loc":{"start":{"line":9,"column":17},"end":{"line":9,"column":39}},"type":"cond-expr","locations":[{"start":{"line":9,"column":31},"end":{"line":9,"column":34}},{"start":{"line":9,"column":37},"end":{"line":9,"column":39}}],"line":9}},"s":{"0":4,"1":0,"2":0},"f":{"0":4,"1":0},"b":{"0":[4],"1":[0,0]},"_coverageSchema":"1a1c01bbd47fc00a2c39e90264f33305004495a9","hash":"89829e4b6499e0dc655f1b87c8a6ed523b681d7e"}
}
